Running php-build composer
WARNING! Your password will be stored unencrypted in /home/runner/.docker/config.json.
Configure a credential helper to remove this warning. See
https://docs.docker.com/engine/reference/commandline/login/#credentials-store

Login Succeeded
Pulling docker.pkg.github.com/netcash-za/paynow-woocommerce/php-actions_composer_paynow-woocommerce:php-7.4-build2.1.0
php-7.4-build2.1.0: Pulling from netcash-za/paynow-woocommerce/php-actions_composer_paynow-woocommerce
ca7dd9ec2225: Pulling fs layer
1b78b4fe0ca1: Pulling fs layer
9d6040f2a28f: Pulling fs layer
0e2e66b89284: Pulling fs layer
3b1be5f02bec: Pulling fs layer
96243f515dda: Pulling fs layer
4006f78ca99d: Pulling fs layer
3c76b37a5dd7: Pulling fs layer
6491a80416fc: Pulling fs layer
0dbfa2cd7d98: Pulling fs layer
0e2e66b89284: Waiting
4006f78ca99d: Waiting
3c76b37a5dd7: Waiting
6491a80416fc: Waiting
0dbfa2cd7d98: Waiting
3b1be5f02bec: Waiting
96243f515dda: Waiting
ca7dd9ec2225: Verifying Checksum
1b78b4fe0ca1: Download complete
9d6040f2a28f: Verifying Checksum
9d6040f2a28f: Download complete
ca7dd9ec2225: Pull complete
1b78b4fe0ca1: Pull complete
9d6040f2a28f: Pull complete
0e2e66b89284: Download complete
96243f515dda: Verifying Checksum
96243f515dda: Download complete
0e2e66b89284: Pull complete
3b1be5f02bec: Verifying Checksum
3b1be5f02bec: Download complete
3b1be5f02bec: Pull complete
96243f515dda: Pull complete
3c76b37a5dd7: Download complete
4006f78ca99d: Verifying Checksum
4006f78ca99d: Download complete
6491a80416fc: Download complete
0dbfa2cd7d98: Verifying Checksum
0dbfa2cd7d98: Download complete
4006f78ca99d: Pull complete
3c76b37a5dd7: Pull complete
6491a80416fc: Pull complete
0dbfa2cd7d98: Pull complete
Digest: sha256:9cec4978867a173a4cd5af9f8409e804c07a6a3beafb412f4465e90058fdfe95
Status: Downloaded newer image for docker.pkg.github.com/netcash-za/paynow-woocommerce/php-actions_composer_paynow-woocommerce:php-7.4-build2.1.0
docker.pkg.github.com/netcash-za/paynow-woocommerce/php-actions_composer_paynow-woocommerce:php-7.4-build2.1.0
Docker tag: docker.pkg.github.com/netcash-za/paynow-woocommerce/php-actions_composer_paynow-woocommerce:php-7.4-build2.1.0
Storing private key file for root
PRIVATE KEY:
b2d8c1096d3628e54d1254f41168c527  /home/runner/.ssh/action_rsa
PUBLIC KEY:
9dd4bf67f10a4ac9c2c8f6e995cf5739  /home/runner/.ssh/action_rsa.pub
Command: composer install --no-dev --no-progress --no-interaction --ignore-platform-reqs --no-scripts --no-cache
Skipping env variable PWD
Skipping env variable HOME
Skipping env variable SHLVL
Skipping env variable PATH
